MPASM  5.1                        CONFIG.ASM   6-1-2007  10:17:35         PAGE  1


LOC  OBJECT CODE     LINE SOURCE TEXT
  VALUE

                      00001 ;contains configuration bits
                      00002 
                      00003 ;300000
                      00004         CONFIG USBDIV=2, CPUDIV=OSC3_PLL4, PLLDIV=2
                      00005 ;300001
                      00006         CONFIG FOSC=HSPLL_HS, FCMEN=OFF, IESO=OFF
                      00007 ;300002
                      00008         CONFIG VREGEN=ON, PWRT=ON, BOR=ON, BORV=2               ;2 = 2.7V..
                      00009 ;300003
                      00010         CONFIG WDT=OFF, WDTPS=128
                      00011 ;300005
                      00012         CONFIG CCP2MX=ON, PBADEN=OFF, LPT1OSC=OFF, MCLRE=ON
                      00013 ;300006
                      00014         CONFIG STVREN=ON, LVP=OFF, ICPRT=OFF, XINST=OFF, DEBUG=OFF
                      00015 ;300008
                      00016         CONFIG CP0=OFF, CP1=OFF, CP2=OFF
                      00017 ;300009
                      00018         CONFIG CPB=OFF, CPD=OFF
                      00019 ;30000A
                      00020         CONFIG WRT0=OFF, WRT1=OFF, WRT2=OFF
                      00021 ;30000B
                      00022         CONFIG WRTC=OFF, WRTB=OFF, WRTD=OFF
                      00023 ;30000C
                      00024         CONFIG EBTR0=OFF, EBTR1=OFF, EBTR2=OFF
                      00025 ;30000D
                      00026         CONFIG EBTRB=OFF
                      00027 
                      00028         END
MPASM  5.1                        CONFIG.ASM   6-1-2007  10:17:35         PAGE  2


SYMBOL TABLE
  LABEL                             VALUE 

__18F4455                         00000001

Errors   :     0
Warnings :     0 reported,     0 suppressed
Messages :     0 reported,     0 suppressed

